2025-06-12 20:06:59 [http-nio-8081-exec-1] INFO  c.e.c.controller.CompanyController.getCompanyById - Received request to fetch company with users. ID=4
2025-06-12 20:06:59 [http-nio-8081-exec-1] INFO  c.e.c.service.CompanyServiceImpl.getCompanyById - Fetching company with id: 4
2025-06-12 20:07:00 [http-nio-8081-exec-1] DEBUG c.e.c.service.CompanyServiceImpl.getCompanyById - Company: avb, Users count: 0
2025-06-12 20:07:00 [http-nio-8081-exec-1] INFO  c.e.c.controller.CompanyController.getCompanyById - Successfully fetched company 'avb'
2025-06-12 20:07:27 [http-nio-8081-exec-2] INFO  c.e.c.controller.CompanyController.getAllCompanies - Received request to get all companies with pagination: page=0, size=10, sortBy=firstName
2025-06-12 20:07:27 [http-nio-8081-exec-2] INFO  c.e.c.service.CompanyServiceImpl.getAllCompanies - Fetching paginated companies: page=0, size=10
2025-06-12 20:07:39 [http-nio-8081-exec-3] INFO  c.e.c.controller.CompanyController.getAllCompanies - Received request to get all companies with pagination: page=0, size=10, sortBy=name
2025-06-12 20:07:39 [http-nio-8081-exec-3] INFO  c.e.c.service.CompanyServiceImpl.getAllCompanies - Fetching paginated companies: page=0, size=10
2025-06-12 20:07:39 [http-nio-8081-exec-3] DEBUG c.e.c.service.CompanyServiceImpl.getAllCompanies - Fetched 4 companies from DB
2025-06-12 20:07:39 [http-nio-8081-exec-3] DEBUG c.e.c.service.CompanyServiceImpl.lambda$getAllCompanies$0 - Mapping company with id=5, name=Astrum
2025-06-12 20:07:39 [http-nio-8081-exec-3] DEBUG c.e.c.service.CompanyServiceImpl.lambda$getAllCompanies$0 - Fetched 0 users for company id=5
2025-06-12 20:07:39 [http-nio-8081-exec-3] DEBUG c.e.c.service.CompanyServiceImpl.lambda$getAllCompanies$0 - Mapping company with id=4, name=avb
2025-06-12 20:07:39 [http-nio-8081-exec-3] DEBUG c.e.c.service.CompanyServiceImpl.lambda$getAllCompanies$0 - Fetched 0 users for company id=4
2025-06-12 20:07:39 [http-nio-8081-exec-3] DEBUG c.e.c.service.CompanyServiceImpl.lambda$getAllCompanies$0 - Mapping company with id=3, name=Mohir Dev
2025-06-12 20:07:39 [http-nio-8081-exec-3] DEBUG c.e.c.service.CompanyServiceImpl.lambda$getAllCompanies$0 - Fetched 1 users for company id=3
2025-06-12 20:07:39 [http-nio-8081-exec-3] DEBUG c.e.c.service.CompanyServiceImpl.lambda$getAllCompanies$0 - Mapping company with id=1, name=PDP
2025-06-12 20:07:39 [http-nio-8081-exec-3] DEBUG c.e.c.service.CompanyServiceImpl.lambda$getAllCompanies$0 - Fetched 2 users for company id=1
2025-06-12 20:07:39 [http-nio-8081-exec-3] INFO  c.e.c.controller.CompanyController.getAllCompanies - Returning 4 companies
2025-06-12 20:10:51 [http-nio-8081-exec-5] INFO  c.e.c.controller.CompanyController.getCompanyById - Received request to fetch company with users. ID=4
2025-06-12 20:10:51 [http-nio-8081-exec-5] INFO  c.e.c.service.CompanyServiceImpl.getCompanyById - Fetching company with id: 4
2025-06-12 20:10:51 [http-nio-8081-exec-5] DEBUG c.e.c.service.CompanyServiceImpl.getCompanyById - Company: avb, Users count: 0
2025-06-12 20:10:51 [http-nio-8081-exec-5] INFO  c.e.c.controller.CompanyController.getCompanyById - Successfully fetched company 'avb'
