2025-06-14 14:06:33 [http-nio-8081-exec-1] INFO  c.e.c.controller.CompanyController.getCompanyByCompanyId - Received request to fetch company without users. ID=1
2025-06-14 14:06:33 [http-nio-8081-exec-1] INFO  c.e.c.service.CompanyServiceImpl.getCompanyByIdWithoutUsers - Fetching company without users with id: 1
2025-06-14 14:06:33 [http-nio-8081-exec-1] INFO  c.e.c.controller.CompanyController.getCompanyByCompanyId - Successfully fetched company 'PDP'
2025-06-14 14:06:33 [http-nio-8081-exec-2] INFO  c.e.c.controller.CompanyController.getCompanyByCompanyId - Received request to fetch company without users. ID=3
2025-06-14 14:06:33 [http-nio-8081-exec-2] INFO  c.e.c.service.CompanyServiceImpl.getCompanyByIdWithoutUsers - Fetching company without users with id: 3
2025-06-14 14:06:33 [http-nio-8081-exec-2] INFO  c.e.c.controller.CompanyController.getCompanyByCompanyId - Successfully fetched company 'Mohir Dev'
2025-06-14 14:06:33 [http-nio-8081-exec-3] INFO  c.e.c.controller.CompanyController.getCompanyByCompanyId - Received request to fetch company without users. ID=1
2025-06-14 14:06:33 [http-nio-8081-exec-3] INFO  c.e.c.service.CompanyServiceImpl.getCompanyByIdWithoutUsers - Fetching company without users with id: 1
2025-06-14 14:06:33 [http-nio-8081-exec-3] INFO  c.e.c.controller.CompanyController.getCompanyByCompanyId - Successfully fetched company 'PDP'
2025-06-14 14:32:17 [http-nio-8081-exec-5] INFO  c.e.c.controller.CompanyController.getAllCompanies - Received request to get all companies with pagination: page=0, size=10, sortBy=name
2025-06-14 14:32:17 [http-nio-8081-exec-5] INFO  c.e.c.service.CompanyServiceImpl.getAllCompanies - Fetching paginated companies: page=0, size=10
2025-06-14 14:32:17 [http-nio-8081-exec-5] DEBUG c.e.c.service.CompanyServiceImpl.getAllCompanies - Fetched 4 companies from DB
2025-06-14 14:32:17 [http-nio-8081-exec-5] DEBUG c.e.c.service.CompanyServiceImpl.lambda$getAllCompanies$0 - Mapping company with id=5, name=Astrum
2025-06-14 14:32:17 [http-nio-8081-exec-5] ERROR c.e.c.service.CompanyServiceImpl.lambda$getAllCompanies$0 - Failed to fetch users for company id=5. Error: Unsupported or unrecognized SSL message executing GET https://localhost:8082/api/users/company/5
2025-06-14 14:32:17 [http-nio-8081-exec-5] DEBUG c.e.c.service.CompanyServiceImpl.lambda$getAllCompanies$0 - Mapping company with id=4, name=avb
2025-06-14 14:32:17 [http-nio-8081-exec-5] ERROR c.e.c.service.CompanyServiceImpl.lambda$getAllCompanies$0 - Failed to fetch users for company id=4. Error: Unsupported or unrecognized SSL message executing GET https://localhost:8082/api/users/company/4
2025-06-14 14:32:17 [http-nio-8081-exec-5] DEBUG c.e.c.service.CompanyServiceImpl.lambda$getAllCompanies$0 - Mapping company with id=3, name=Mohir Dev
2025-06-14 14:32:17 [http-nio-8081-exec-5] ERROR c.e.c.service.CompanyServiceImpl.lambda$getAllCompanies$0 - Failed to fetch users for company id=3. Error: Unsupported or unrecognized SSL message executing GET https://localhost:8082/api/users/company/3
2025-06-14 14:32:17 [http-nio-8081-exec-5] DEBUG c.e.c.service.CompanyServiceImpl.lambda$getAllCompanies$0 - Mapping company with id=1, name=PDP
2025-06-14 14:32:17 [http-nio-8081-exec-5] ERROR c.e.c.service.CompanyServiceImpl.lambda$getAllCompanies$0 - Failed to fetch users for company id=1. Error: Unsupported or unrecognized SSL message executing GET https://localhost:8082/api/users/company/1
2025-06-14 14:32:17 [http-nio-8081-exec-5] INFO  c.e.c.controller.CompanyController.getAllCompanies - Returning 4 companies
2025-06-14 14:59:17 [http-nio-8081-exec-1] INFO  c.e.c.controller.CompanyController.getAllCompanies - Received request to get all companies with pagination: page=0, size=10, sortBy=name
2025-06-14 14:59:17 [http-nio-8081-exec-1] INFO  c.e.c.service.CompanyServiceImpl.getAllCompanies - Fetching paginated companies: page=0, size=10
2025-06-14 14:59:17 [http-nio-8081-exec-1] DEBUG c.e.c.service.CompanyServiceImpl.getAllCompanies - Fetched 4 companies from DB
2025-06-14 14:59:17 [http-nio-8081-exec-1] DEBUG c.e.c.service.CompanyServiceImpl.lambda$getAllCompanies$0 - Mapping company with id=5, name=Astrum
2025-06-14 14:59:17 [http-nio-8081-exec-1] ERROR c.e.c.service.CompanyServiceImpl.lambda$getAllCompanies$0 - Failed to fetch users for company id=5. Error: Unsupported or unrecognized SSL message executing GET https://localhost:8082/api/users/company/5
2025-06-14 14:59:17 [http-nio-8081-exec-1] DEBUG c.e.c.service.CompanyServiceImpl.lambda$getAllCompanies$0 - Mapping company with id=4, name=avb
2025-06-14 14:59:17 [http-nio-8081-exec-1] ERROR c.e.c.service.CompanyServiceImpl.lambda$getAllCompanies$0 - Failed to fetch users for company id=4. Error: Unsupported or unrecognized SSL message executing GET https://localhost:8082/api/users/company/4
2025-06-14 14:59:17 [http-nio-8081-exec-1] DEBUG c.e.c.service.CompanyServiceImpl.lambda$getAllCompanies$0 - Mapping company with id=3, name=Mohir Dev
2025-06-14 14:59:17 [http-nio-8081-exec-1] ERROR c.e.c.service.CompanyServiceImpl.lambda$getAllCompanies$0 - Failed to fetch users for company id=3. Error: Unsupported or unrecognized SSL message executing GET https://localhost:8082/api/users/company/3
2025-06-14 14:59:17 [http-nio-8081-exec-1] DEBUG c.e.c.service.CompanyServiceImpl.lambda$getAllCompanies$0 - Mapping company with id=1, name=PDP
2025-06-14 14:59:17 [http-nio-8081-exec-1] ERROR c.e.c.service.CompanyServiceImpl.lambda$getAllCompanies$0 - Failed to fetch users for company id=1. Error: Unsupported or unrecognized SSL message executing GET https://localhost:8082/api/users/company/1
2025-06-14 14:59:17 [http-nio-8081-exec-1] INFO  c.e.c.controller.CompanyController.getAllCompanies - Returning 4 companies
2025-06-14 15:00:07 [http-nio-8081-exec-2] INFO  c.e.c.controller.CompanyController.getCompanyById - Received request to fetch company with users. ID=3
2025-06-14 15:00:07 [http-nio-8081-exec-2] INFO  c.e.c.service.CompanyServiceImpl.getCompanyById - Fetching company with id: 3
2025-06-14 15:01:30 [http-nio-8081-exec-3] INFO  c.e.c.controller.CompanyController.getCompanyById - Received request to fetch company with users. ID=4
2025-06-14 15:01:30 [http-nio-8081-exec-3] INFO  c.e.c.service.CompanyServiceImpl.getCompanyById - Fetching company with id: 4
2025-06-14 15:03:41 [http-nio-8081-exec-1] INFO  c.e.c.controller.CompanyController.getAllCompanies - Received request to get all companies with pagination: page=0, size=10, sortBy=name
2025-06-14 15:03:41 [http-nio-8081-exec-1] INFO  c.e.c.service.CompanyServiceImpl.getAllCompanies - Fetching paginated companies: page=0, size=10
2025-06-14 15:03:41 [http-nio-8081-exec-1] DEBUG c.e.c.service.CompanyServiceImpl.getAllCompanies - Fetched 4 companies from DB
2025-06-14 15:03:41 [http-nio-8081-exec-1] DEBUG c.e.c.service.CompanyServiceImpl.lambda$getAllCompanies$0 - Mapping company with id=5, name=Astrum
2025-06-14 15:03:41 [http-nio-8081-exec-1] ERROR c.e.c.service.CompanyServiceImpl.lambda$getAllCompanies$0 - Failed to fetch users for company id=5. Error: Unsupported or unrecognized SSL message executing GET https://localhost:8082/api/users/company/5
2025-06-14 15:03:41 [http-nio-8081-exec-1] DEBUG c.e.c.service.CompanyServiceImpl.lambda$getAllCompanies$0 - Mapping company with id=4, name=avb
2025-06-14 15:03:41 [http-nio-8081-exec-1] ERROR c.e.c.service.CompanyServiceImpl.lambda$getAllCompanies$0 - Failed to fetch users for company id=4. Error: Unsupported or unrecognized SSL message executing GET https://localhost:8082/api/users/company/4
2025-06-14 15:03:41 [http-nio-8081-exec-1] DEBUG c.e.c.service.CompanyServiceImpl.lambda$getAllCompanies$0 - Mapping company with id=3, name=Mohir Dev
2025-06-14 15:03:41 [http-nio-8081-exec-1] ERROR c.e.c.service.CompanyServiceImpl.lambda$getAllCompanies$0 - Failed to fetch users for company id=3. Error: Unsupported or unrecognized SSL message executing GET https://localhost:8082/api/users/company/3
2025-06-14 15:03:41 [http-nio-8081-exec-1] DEBUG c.e.c.service.CompanyServiceImpl.lambda$getAllCompanies$0 - Mapping company with id=1, name=PDP
2025-06-14 15:03:41 [http-nio-8081-exec-1] ERROR c.e.c.service.CompanyServiceImpl.lambda$getAllCompanies$0 - Failed to fetch users for company id=1. Error: Unsupported or unrecognized SSL message executing GET https://localhost:8082/api/users/company/1
2025-06-14 15:03:41 [http-nio-8081-exec-1] INFO  c.e.c.controller.CompanyController.getAllCompanies - Returning 4 companies
2025-06-14 15:03:46 [http-nio-8081-exec-2] INFO  c.e.c.controller.CompanyController.getCompanyById - Received request to fetch company with users. ID=4
2025-06-14 15:03:46 [http-nio-8081-exec-2] INFO  c.e.c.service.CompanyServiceImpl.getCompanyById - Fetching company with id: 4
2025-06-14 15:15:55 [http-nio-8081-exec-2] INFO  c.e.c.controller.CompanyController.getAllCompanies - Received request to get all companies with pagination: page=0, size=10, sortBy=name
2025-06-14 15:15:55 [http-nio-8081-exec-2] INFO  c.e.c.service.CompanyServiceImpl.getAllCompanies - Fetching paginated companies: page=0, size=10
2025-06-14 15:15:55 [http-nio-8081-exec-2] DEBUG c.e.c.service.CompanyServiceImpl.getAllCompanies - Fetched 4 companies from DB
2025-06-14 15:15:55 [http-nio-8081-exec-2] DEBUG c.e.c.service.CompanyServiceImpl.lambda$getAllCompanies$0 - Mapping company with id=5, name=Astrum
2025-06-14 15:15:56 [http-nio-8081-exec-2] DEBUG c.e.c.service.CompanyServiceImpl.lambda$getAllCompanies$0 - Fetched 0 users for company id=5
2025-06-14 15:15:56 [http-nio-8081-exec-2] DEBUG c.e.c.service.CompanyServiceImpl.lambda$getAllCompanies$0 - Mapping company with id=4, name=avb
2025-06-14 15:15:56 [http-nio-8081-exec-2] DEBUG c.e.c.service.CompanyServiceImpl.lambda$getAllCompanies$0 - Fetched 0 users for company id=4
2025-06-14 15:15:56 [http-nio-8081-exec-2] DEBUG c.e.c.service.CompanyServiceImpl.lambda$getAllCompanies$0 - Mapping company with id=3, name=Mohir Dev
2025-06-14 15:15:56 [http-nio-8081-exec-2] DEBUG c.e.c.service.CompanyServiceImpl.lambda$getAllCompanies$0 - Fetched 1 users for company id=3
2025-06-14 15:15:56 [http-nio-8081-exec-2] DEBUG c.e.c.service.CompanyServiceImpl.lambda$getAllCompanies$0 - Mapping company with id=1, name=PDP
2025-06-14 15:15:56 [http-nio-8081-exec-2] DEBUG c.e.c.service.CompanyServiceImpl.lambda$getAllCompanies$0 - Fetched 2 users for company id=1
2025-06-14 15:15:56 [http-nio-8081-exec-2] INFO  c.e.c.controller.CompanyController.getAllCompanies - Returning 4 companies
2025-06-14 15:16:10 [http-nio-8081-exec-7] INFO  c.e.c.controller.CompanyController.getCompanyById - Received request to fetch company with users. ID=4
2025-06-14 15:16:10 [http-nio-8081-exec-7] INFO  c.e.c.service.CompanyServiceImpl.getCompanyById - Fetching company with id: 4
2025-06-14 15:16:10 [http-nio-8081-exec-7] DEBUG c.e.c.service.CompanyServiceImpl.getCompanyById - Company: avb, Users count: 0
2025-06-14 15:16:10 [http-nio-8081-exec-7] INFO  c.e.c.controller.CompanyController.getCompanyById - Successfully fetched company 'avb'
2025-06-14 15:16:27 [http-nio-8081-exec-9] INFO  c.e.c.controller.CompanyController.getAllCompanies - Received request to get all companies with pagination: page=0, size=10, sortBy=name
2025-06-14 15:16:27 [http-nio-8081-exec-9] INFO  c.e.c.service.CompanyServiceImpl.getAllCompanies - Fetching paginated companies: page=0, size=10
2025-06-14 15:16:27 [http-nio-8081-exec-9] DEBUG c.e.c.service.CompanyServiceImpl.getAllCompanies - Fetched 4 companies from DB
2025-06-14 15:16:27 [http-nio-8081-exec-9] DEBUG c.e.c.service.CompanyServiceImpl.lambda$getAllCompanies$0 - Mapping company with id=5, name=Astrum
2025-06-14 15:16:27 [http-nio-8081-exec-9] DEBUG c.e.c.service.CompanyServiceImpl.lambda$getAllCompanies$0 - Fetched 0 users for company id=5
2025-06-14 15:16:27 [http-nio-8081-exec-9] DEBUG c.e.c.service.CompanyServiceImpl.lambda$getAllCompanies$0 - Mapping company with id=4, name=avb
2025-06-14 15:16:27 [http-nio-8081-exec-9] DEBUG c.e.c.service.CompanyServiceImpl.lambda$getAllCompanies$0 - Fetched 0 users for company id=4
2025-06-14 15:16:27 [http-nio-8081-exec-9] DEBUG c.e.c.service.CompanyServiceImpl.lambda$getAllCompanies$0 - Mapping company with id=3, name=Mohir Dev
2025-06-14 15:16:27 [http-nio-8081-exec-9] DEBUG c.e.c.service.CompanyServiceImpl.lambda$getAllCompanies$0 - Fetched 1 users for company id=3
2025-06-14 15:16:27 [http-nio-8081-exec-9] DEBUG c.e.c.service.CompanyServiceImpl.lambda$getAllCompanies$0 - Mapping company with id=1, name=PDP
2025-06-14 15:16:27 [http-nio-8081-exec-9] DEBUG c.e.c.service.CompanyServiceImpl.lambda$getAllCompanies$0 - Fetched 2 users for company id=1
2025-06-14 15:16:27 [http-nio-8081-exec-9] INFO  c.e.c.controller.CompanyController.getAllCompanies - Returning 4 companies
2025-06-14 15:16:38 [http-nio-8081-exec-4] INFO  c.e.c.controller.CompanyController.getCompanyById - Received request to fetch company with users. ID=1
2025-06-14 15:16:38 [http-nio-8081-exec-4] INFO  c.e.c.service.CompanyServiceImpl.getCompanyById - Fetching company with id: 1
2025-06-14 15:16:38 [http-nio-8081-exec-4] DEBUG c.e.c.service.CompanyServiceImpl.getCompanyById - Company: PDP, Users count: 2
2025-06-14 15:16:38 [http-nio-8081-exec-4] INFO  c.e.c.controller.CompanyController.getCompanyById - Successfully fetched company 'PDP'
2025-06-14 15:17:01 [http-nio-8081-exec-5] INFO  c.e.c.controller.CompanyController.getCompanyByCompanyId - Received request to fetch company without users. ID=1
2025-06-14 15:17:01 [http-nio-8081-exec-5] INFO  c.e.c.service.CompanyServiceImpl.getCompanyByIdWithoutUsers - Fetching company without users with id: 1
2025-06-14 15:17:01 [http-nio-8081-exec-5] INFO  c.e.c.controller.CompanyController.getCompanyByCompanyId - Successfully fetched company 'PDP'
2025-06-14 15:17:01 [http-nio-8081-exec-1] INFO  c.e.c.controller.CompanyController.getCompanyByCompanyId - Received request to fetch company without users. ID=3
2025-06-14 15:17:01 [http-nio-8081-exec-1] INFO  c.e.c.service.CompanyServiceImpl.getCompanyByIdWithoutUsers - Fetching company without users with id: 3
2025-06-14 15:17:01 [http-nio-8081-exec-1] INFO  c.e.c.controller.CompanyController.getCompanyByCompanyId - Successfully fetched company 'Mohir Dev'
2025-06-14 15:17:01 [http-nio-8081-exec-6] INFO  c.e.c.controller.CompanyController.getCompanyByCompanyId - Received request to fetch company without users. ID=1
2025-06-14 15:17:01 [http-nio-8081-exec-6] INFO  c.e.c.service.CompanyServiceImpl.getCompanyByIdWithoutUsers - Fetching company without users with id: 1
2025-06-14 15:17:01 [http-nio-8081-exec-6] INFO  c.e.c.controller.CompanyController.getCompanyByCompanyId - Successfully fetched company 'PDP'
2025-06-14 19:14:34 [http-nio-8081-exec-2] INFO  c.e.c.controller.CompanyController.getCompanyByCompanyId - Received request to fetch company without users. ID=1
2025-06-14 19:14:34 [http-nio-8081-exec-2] INFO  c.e.c.service.CompanyServiceImpl.getCompanyByIdWithoutUsers - Fetching company without users with id: 1
2025-06-14 19:14:34 [http-nio-8081-exec-2] INFO  c.e.c.controller.CompanyController.getCompanyByCompanyId - Successfully fetched company 'PDP'
2025-06-14 19:14:34 [http-nio-8081-exec-1] INFO  c.e.c.controller.CompanyController.getCompanyByCompanyId - Received request to fetch company without users. ID=3
2025-06-14 19:14:34 [http-nio-8081-exec-1] INFO  c.e.c.service.CompanyServiceImpl.getCompanyByIdWithoutUsers - Fetching company without users with id: 3
2025-06-14 19:14:34 [http-nio-8081-exec-1] INFO  c.e.c.controller.CompanyController.getCompanyByCompanyId - Successfully fetched company 'Mohir Dev'
2025-06-14 19:14:34 [http-nio-8081-exec-3] INFO  c.e.c.controller.CompanyController.getCompanyByCompanyId - Received request to fetch company without users. ID=1
2025-06-14 19:14:34 [http-nio-8081-exec-3] INFO  c.e.c.service.CompanyServiceImpl.getCompanyByIdWithoutUsers - Fetching company without users with id: 1
2025-06-14 19:14:34 [http-nio-8081-exec-3] INFO  c.e.c.controller.CompanyController.getCompanyByCompanyId - Successfully fetched company 'PDP'
2025-06-14 19:14:49 [http-nio-8081-exec-4] INFO  c.e.c.controller.CompanyController.getCompanyById - Received request to fetch company with users. ID=1
2025-06-14 19:14:49 [http-nio-8081-exec-4] INFO  c.e.c.service.CompanyServiceImpl.getCompanyById - Fetching company with id: 1
2025-06-14 19:14:49 [http-nio-8081-exec-4] DEBUG c.e.c.service.CompanyServiceImpl.getCompanyById - Company: PDP, Users count: 2
2025-06-14 19:14:49 [http-nio-8081-exec-4] INFO  c.e.c.controller.CompanyController.getCompanyById - Successfully fetched company 'PDP'
