{"timestamp":"2025-06-12T20:06:59.764+0500","level":"INFO","thread":"http-nio-8081-exec-1","logger":"c.e.c.controller.CompanyController","method":"getCompanyById","message":"Received request to fetch company with users. ID=4"}
{"timestamp":"2025-06-12T20:06:59.766+0500","level":"INFO","thread":"http-nio-8081-exec-1","logger":"c.e.c.service.CompanyServiceImpl","method":"getCompanyById","message":"Fetching company with id: 4"}
{"timestamp":"2025-06-12T20:07:00.115+0500","level":"DEBUG","thread":"http-nio-8081-exec-1","logger":"c.e.c.service.CompanyServiceImpl","method":"getCompanyById","message":"Company: avb, Users count: 0"}
{"timestamp":"2025-06-12T20:07:00.116+0500","level":"INFO","thread":"http-nio-8081-exec-1","logger":"c.e.c.controller.CompanyController","method":"getCompanyById","message":"Successfully fetched company 'avb'"}
{"timestamp":"2025-06-12T20:07:27.742+0500","level":"INFO","thread":"http-nio-8081-exec-2","logger":"c.e.c.controller.CompanyController","method":"getAllCompanies","message":"Received request to get all companies with pagination: page=0, size=10, sortBy=firstName"}
{"timestamp":"2025-06-12T20:07:27.744+0500","level":"INFO","thread":"http-nio-8081-exec-2","logger":"c.e.c.service.CompanyServiceImpl","method":"getAllCompanies","message":"Fetching paginated companies: page=0, size=10"}
{"timestamp":"2025-06-12T20:07:39.311+0500","level":"INFO","thread":"http-nio-8081-exec-3","logger":"c.e.c.controller.CompanyController","method":"getAllCompanies","message":"Received request to get all companies with pagination: page=0, size=10, sortBy=name"}
{"timestamp":"2025-06-12T20:07:39.312+0500","level":"INFO","thread":"http-nio-8081-exec-3","logger":"c.e.c.service.CompanyServiceImpl","method":"getAllCompanies","message":"Fetching paginated companies: page=0, size=10"}
{"timestamp":"2025-06-12T20:07:39.386+0500","level":"DEBUG","thread":"http-nio-8081-exec-3","logger":"c.e.c.service.CompanyServiceImpl","method":"getAllCompanies","message":"Fetched 4 companies from DB"}
{"timestamp":"2025-06-12T20:07:39.387+0500","level":"DEBUG","thread":"http-nio-8081-exec-3","logger":"c.e.c.service.CompanyServiceImpl","method":"lambda$getAllCompanies$0","message":"Mapping company with id=5, name=Astrum"}
{"timestamp":"2025-06-12T20:07:39.395+0500","level":"DEBUG","thread":"http-nio-8081-exec-3","logger":"c.e.c.service.CompanyServiceImpl","method":"lambda$getAllCompanies$0","message":"Fetched 0 users for company id=5"}
{"timestamp":"2025-06-12T20:07:39.396+0500","level":"DEBUG","thread":"http-nio-8081-exec-3","logger":"c.e.c.service.CompanyServiceImpl","method":"lambda$getAllCompanies$0","message":"Mapping company with id=4, name=avb"}
{"timestamp":"2025-06-12T20:07:39.402+0500","level":"DEBUG","thread":"http-nio-8081-exec-3","logger":"c.e.c.service.CompanyServiceImpl","method":"lambda$getAllCompanies$0","message":"Fetched 0 users for company id=4"}
{"timestamp":"2025-06-12T20:07:39.402+0500","level":"DEBUG","thread":"http-nio-8081-exec-3","logger":"c.e.c.service.CompanyServiceImpl","method":"lambda$getAllCompanies$0","message":"Mapping company with id=3, name=Mohir Dev"}
{"timestamp":"2025-06-12T20:07:39.414+0500","level":"DEBUG","thread":"http-nio-8081-exec-3","logger":"c.e.c.service.CompanyServiceImpl","method":"lambda$getAllCompanies$0","message":"Fetched 1 users for company id=3"}
{"timestamp":"2025-06-12T20:07:39.415+0500","level":"DEBUG","thread":"http-nio-8081-exec-3","logger":"c.e.c.service.CompanyServiceImpl","method":"lambda$getAllCompanies$0","message":"Mapping company with id=1, name=PDP"}
{"timestamp":"2025-06-12T20:07:39.421+0500","level":"DEBUG","thread":"http-nio-8081-exec-3","logger":"c.e.c.service.CompanyServiceImpl","method":"lambda$getAllCompanies$0","message":"Fetched 2 users for company id=1"}
{"timestamp":"2025-06-12T20:07:39.422+0500","level":"INFO","thread":"http-nio-8081-exec-3","logger":"c.e.c.controller.CompanyController","method":"getAllCompanies","message":"Returning 4 companies"}
{"timestamp":"2025-06-12T20:10:51.432+0500","level":"INFO","thread":"http-nio-8081-exec-5","logger":"c.e.c.controller.CompanyController","method":"getCompanyById","message":"Received request to fetch company with users. ID=4"}
{"timestamp":"2025-06-12T20:10:51.433+0500","level":"INFO","thread":"http-nio-8081-exec-5","logger":"c.e.c.service.CompanyServiceImpl","method":"getCompanyById","message":"Fetching company with id: 4"}
{"timestamp":"2025-06-12T20:10:51.443+0500","level":"DEBUG","thread":"http-nio-8081-exec-5","logger":"c.e.c.service.CompanyServiceImpl","method":"getCompanyById","message":"Company: avb, Users count: 0"}
{"timestamp":"2025-06-12T20:10:51.444+0500","level":"INFO","thread":"http-nio-8081-exec-5","logger":"c.e.c.controller.CompanyController","method":"getCompanyById","message":"Successfully fetched company 'avb'"}
