{"timestamp":"2025-06-18T16:55:31.295+0500","level":"INFO","thread":"http-nio-8081-exec-1","logger":"c.e.c.controller.CompanyController","method":"getCompanyById","message":"Received request to fetch company with users. ID=4"}
{"timestamp":"2025-06-18T16:55:31.295+0500","level":"INFO","thread":"http-nio-8081-exec-1","logger":"c.e.c.service.CompanyServiceImpl","method":"getCompanyById","message":"Fetching company with id: 4"}
{"timestamp":"2025-06-18T16:55:32.401+0500","level":"DEBUG","thread":"http-nio-8081-exec-1","logger":"c.e.c.service.CompanyServiceImpl","method":"getCompanyById","message":"Company: avb, Users count: 0"}
{"timestamp":"2025-06-18T16:55:32.404+0500","level":"INFO","thread":"http-nio-8081-exec-1","logger":"c.e.c.controller.CompanyController","method":"getCompanyById","message":"Successfully fetched company 'avb'"}
{"timestamp":"2025-06-18T16:55:39.669+0500","level":"INFO","thread":"http-nio-8081-exec-2","logger":"c.e.c.controller.CompanyController","method":"getAllCompanies","message":"Received request to get all companies with pagination: page=0, size=10, sortBy=name"}
{"timestamp":"2025-06-18T16:55:39.673+0500","level":"INFO","thread":"http-nio-8081-exec-2","logger":"c.e.c.service.CompanyServiceImpl","method":"getAllCompanies","message":"Fetching paginated companies: page=0, size=10"}
{"timestamp":"2025-06-18T16:55:39.977+0500","level":"DEBUG","thread":"http-nio-8081-exec-2","logger":"c.e.c.service.CompanyServiceImpl","method":"getAllCompanies","message":"Fetched 4 companies from DB"}
{"timestamp":"2025-06-18T16:55:39.979+0500","level":"DEBUG","thread":"http-nio-8081-exec-2","logger":"c.e.c.service.CompanyServiceImpl","method":"lambda$getAllCompanies$0","message":"Mapping company with id=5, name=Astrum"}
{"timestamp":"2025-06-18T16:55:40.005+0500","level":"DEBUG","thread":"http-nio-8081-exec-2","logger":"c.e.c.service.CompanyServiceImpl","method":"lambda$getAllCompanies$0","message":"Fetched 0 users for company id=5"}
{"timestamp":"2025-06-18T16:55:40.006+0500","level":"DEBUG","thread":"http-nio-8081-exec-2","logger":"c.e.c.service.CompanyServiceImpl","method":"lambda$getAllCompanies$0","message":"Mapping company with id=4, name=avb"}
{"timestamp":"2025-06-18T16:55:40.026+0500","level":"DEBUG","thread":"http-nio-8081-exec-2","logger":"c.e.c.service.CompanyServiceImpl","method":"lambda$getAllCompanies$0","message":"Fetched 0 users for company id=4"}
{"timestamp":"2025-06-18T16:55:40.026+0500","level":"DEBUG","thread":"http-nio-8081-exec-2","logger":"c.e.c.service.CompanyServiceImpl","method":"lambda$getAllCompanies$0","message":"Mapping company with id=3, name=Mohir Dev"}
{"timestamp":"2025-06-18T16:55:40.070+0500","level":"DEBUG","thread":"http-nio-8081-exec-2","logger":"c.e.c.service.CompanyServiceImpl","method":"lambda$getAllCompanies$0","message":"Fetched 1 users for company id=3"}
{"timestamp":"2025-06-18T16:55:40.070+0500","level":"DEBUG","thread":"http-nio-8081-exec-2","logger":"c.e.c.service.CompanyServiceImpl","method":"lambda$getAllCompanies$0","message":"Mapping company with id=1, name=PDP"}
{"timestamp":"2025-06-18T16:55:40.094+0500","level":"DEBUG","thread":"http-nio-8081-exec-2","logger":"c.e.c.service.CompanyServiceImpl","method":"lambda$getAllCompanies$0","message":"Fetched 2 users for company id=1"}
{"timestamp":"2025-06-18T16:55:40.095+0500","level":"INFO","thread":"http-nio-8081-exec-2","logger":"c.e.c.controller.CompanyController","method":"getAllCompanies","message":"Returning 4 companies"}
{"timestamp":"2025-06-18T16:56:08.347+0500","level":"INFO","thread":"http-nio-8081-exec-3","logger":"c.e.c.controller.CompanyController","method":"getCompanyByCompanyId","message":"Received request to fetch company without users. ID=1"}
{"timestamp":"2025-06-18T16:56:08.355+0500","level":"INFO","thread":"http-nio-8081-exec-3","logger":"c.e.c.service.CompanyServiceImpl","method":"getCompanyByIdWithoutUsers","message":"Fetching company without users with id: 1"}
{"timestamp":"2025-06-18T16:56:08.357+0500","level":"INFO","thread":"http-nio-8081-exec-3","logger":"c.e.c.controller.CompanyController","method":"getCompanyByCompanyId","message":"Successfully fetched company 'PDP'"}
{"timestamp":"2025-06-18T16:56:08.388+0500","level":"INFO","thread":"http-nio-8081-exec-4","logger":"c.e.c.controller.CompanyController","method":"getCompanyByCompanyId","message":"Received request to fetch company without users. ID=3"}
{"timestamp":"2025-06-18T16:56:08.388+0500","level":"INFO","thread":"http-nio-8081-exec-4","logger":"c.e.c.service.CompanyServiceImpl","method":"getCompanyByIdWithoutUsers","message":"Fetching company without users with id: 3"}
{"timestamp":"2025-06-18T16:56:08.388+0500","level":"INFO","thread":"http-nio-8081-exec-4","logger":"c.e.c.controller.CompanyController","method":"getCompanyByCompanyId","message":"Successfully fetched company 'Mohir Dev'"}
{"timestamp":"2025-06-18T16:56:08.402+0500","level":"INFO","thread":"http-nio-8081-exec-5","logger":"c.e.c.controller.CompanyController","method":"getCompanyByCompanyId","message":"Received request to fetch company without users. ID=1"}
{"timestamp":"2025-06-18T16:56:08.404+0500","level":"INFO","thread":"http-nio-8081-exec-5","logger":"c.e.c.service.CompanyServiceImpl","method":"getCompanyByIdWithoutUsers","message":"Fetching company without users with id: 1"}
{"timestamp":"2025-06-18T16:56:08.404+0500","level":"INFO","thread":"http-nio-8081-exec-5","logger":"c.e.c.controller.CompanyController","method":"getCompanyByCompanyId","message":"Successfully fetched company 'PDP'"}
