{"timestamp":"2025-06-14T14:06:33.216+0500","level":"INFO","thread":"http-nio-8081-exec-1","logger":"c.e.c.controller.CompanyController","method":"getCompanyByCompanyId","message":"Received request to fetch company without users. ID=1"}
{"timestamp":"2025-06-14T14:06:33.219+0500","level":"INFO","thread":"http-nio-8081-exec-1","logger":"c.e.c.service.CompanyServiceImpl","method":"getCompanyByIdWithoutUsers","message":"Fetching company without users with id: 1"}
{"timestamp":"2025-06-14T14:06:33.273+0500","level":"INFO","thread":"http-nio-8081-exec-1","logger":"c.e.c.controller.CompanyController","method":"getCompanyByCompanyId","message":"Successfully fetched company 'PDP'"}
{"timestamp":"2025-06-14T14:06:33.302+0500","level":"INFO","thread":"http-nio-8081-exec-2","logger":"c.e.c.controller.CompanyController","method":"getCompanyByCompanyId","message":"Received request to fetch company without users. ID=3"}
{"timestamp":"2025-06-14T14:06:33.303+0500","level":"INFO","thread":"http-nio-8081-exec-2","logger":"c.e.c.service.CompanyServiceImpl","method":"getCompanyByIdWithoutUsers","message":"Fetching company without users with id: 3"}
{"timestamp":"2025-06-14T14:06:33.305+0500","level":"INFO","thread":"http-nio-8081-exec-2","logger":"c.e.c.controller.CompanyController","method":"getCompanyByCompanyId","message":"Successfully fetched company 'Mohir Dev'"}
{"timestamp":"2025-06-14T14:06:33.309+0500","level":"INFO","thread":"http-nio-8081-exec-3","logger":"c.e.c.controller.CompanyController","method":"getCompanyByCompanyId","message":"Received request to fetch company without users. ID=1"}
{"timestamp":"2025-06-14T14:06:33.310+0500","level":"INFO","thread":"http-nio-8081-exec-3","logger":"c.e.c.service.CompanyServiceImpl","method":"getCompanyByIdWithoutUsers","message":"Fetching company without users with id: 1"}
{"timestamp":"2025-06-14T14:06:33.311+0500","level":"INFO","thread":"http-nio-8081-exec-3","logger":"c.e.c.controller.CompanyController","method":"getCompanyByCompanyId","message":"Successfully fetched company 'PDP'"}
{"timestamp":"2025-06-14T14:32:17.628+0500","level":"INFO","thread":"http-nio-8081-exec-5","logger":"c.e.c.controller.CompanyController","method":"getAllCompanies","message":"Received request to get all companies with pagination: page=0, size=10, sortBy=name"}
{"timestamp":"2025-06-14T14:32:17.629+0500","level":"INFO","thread":"http-nio-8081-exec-5","logger":"c.e.c.service.CompanyServiceImpl","method":"getAllCompanies","message":"Fetching paginated companies: page=0, size=10"}
{"timestamp":"2025-06-14T14:32:17.696+0500","level":"DEBUG","thread":"http-nio-8081-exec-5","logger":"c.e.c.service.CompanyServiceImpl","method":"getAllCompanies","message":"Fetched 4 companies from DB"}
{"timestamp":"2025-06-14T14:32:17.697+0500","level":"DEBUG","thread":"http-nio-8081-exec-5","logger":"c.e.c.service.CompanyServiceImpl","method":"lambda$getAllCompanies$0","message":"Mapping company with id=5, name=Astrum"}
{"timestamp":"2025-06-14T14:32:17.763+0500","level":"ERROR","thread":"http-nio-8081-exec-5","logger":"c.e.c.service.CompanyServiceImpl","method":"lambda$getAllCompanies$0","message":"Failed to fetch users for company id=5. Error: Unsupported or unrecognized SSL message executing GET https://localhost:8082/api/users/company/5"}
{"timestamp":"2025-06-14T14:32:17.764+0500","level":"DEBUG","thread":"http-nio-8081-exec-5","logger":"c.e.c.service.CompanyServiceImpl","method":"lambda$getAllCompanies$0","message":"Mapping company with id=4, name=avb"}
{"timestamp":"2025-06-14T14:32:17.769+0500","level":"ERROR","thread":"http-nio-8081-exec-5","logger":"c.e.c.service.CompanyServiceImpl","method":"lambda$getAllCompanies$0","message":"Failed to fetch users for company id=4. Error: Unsupported or unrecognized SSL message executing GET https://localhost:8082/api/users/company/4"}
{"timestamp":"2025-06-14T14:32:17.769+0500","level":"DEBUG","thread":"http-nio-8081-exec-5","logger":"c.e.c.service.CompanyServiceImpl","method":"lambda$getAllCompanies$0","message":"Mapping company with id=3, name=Mohir Dev"}
{"timestamp":"2025-06-14T14:32:17.775+0500","level":"ERROR","thread":"http-nio-8081-exec-5","logger":"c.e.c.service.CompanyServiceImpl","method":"lambda$getAllCompanies$0","message":"Failed to fetch users for company id=3. Error: Unsupported or unrecognized SSL message executing GET https://localhost:8082/api/users/company/3"}
{"timestamp":"2025-06-14T14:32:17.775+0500","level":"DEBUG","thread":"http-nio-8081-exec-5","logger":"c.e.c.service.CompanyServiceImpl","method":"lambda$getAllCompanies$0","message":"Mapping company with id=1, name=PDP"}
{"timestamp":"2025-06-14T14:32:17.779+0500","level":"ERROR","thread":"http-nio-8081-exec-5","logger":"c.e.c.service.CompanyServiceImpl","method":"lambda$getAllCompanies$0","message":"Failed to fetch users for company id=1. Error: Unsupported or unrecognized SSL message executing GET https://localhost:8082/api/users/company/1"}
{"timestamp":"2025-06-14T14:32:17.780+0500","level":"INFO","thread":"http-nio-8081-exec-5","logger":"c.e.c.controller.CompanyController","method":"getAllCompanies","message":"Returning 4 companies"}
{"timestamp":"2025-06-14T14:59:17.017+0500","level":"INFO","thread":"http-nio-8081-exec-1","logger":"c.e.c.controller.CompanyController","method":"getAllCompanies","message":"Received request to get all companies with pagination: page=0, size=10, sortBy=name"}
{"timestamp":"2025-06-14T14:59:17.019+0500","level":"INFO","thread":"http-nio-8081-exec-1","logger":"c.e.c.service.CompanyServiceImpl","method":"getAllCompanies","message":"Fetching paginated companies: page=0, size=10"}
{"timestamp":"2025-06-14T14:59:17.125+0500","level":"DEBUG","thread":"http-nio-8081-exec-1","logger":"c.e.c.service.CompanyServiceImpl","method":"getAllCompanies","message":"Fetched 4 companies from DB"}
{"timestamp":"2025-06-14T14:59:17.126+0500","level":"DEBUG","thread":"http-nio-8081-exec-1","logger":"c.e.c.service.CompanyServiceImpl","method":"lambda$getAllCompanies$0","message":"Mapping company with id=5, name=Astrum"}
{"timestamp":"2025-06-14T14:59:17.179+0500","level":"ERROR","thread":"http-nio-8081-exec-1","logger":"c.e.c.service.CompanyServiceImpl","method":"lambda$getAllCompanies$0","message":"Failed to fetch users for company id=5. Error: Unsupported or unrecognized SSL message executing GET https://localhost:8082/api/users/company/5"}
{"timestamp":"2025-06-14T14:59:17.180+0500","level":"DEBUG","thread":"http-nio-8081-exec-1","logger":"c.e.c.service.CompanyServiceImpl","method":"lambda$getAllCompanies$0","message":"Mapping company with id=4, name=avb"}
{"timestamp":"2025-06-14T14:59:17.186+0500","level":"ERROR","thread":"http-nio-8081-exec-1","logger":"c.e.c.service.CompanyServiceImpl","method":"lambda$getAllCompanies$0","message":"Failed to fetch users for company id=4. Error: Unsupported or unrecognized SSL message executing GET https://localhost:8082/api/users/company/4"}
{"timestamp":"2025-06-14T14:59:17.186+0500","level":"DEBUG","thread":"http-nio-8081-exec-1","logger":"c.e.c.service.CompanyServiceImpl","method":"lambda$getAllCompanies$0","message":"Mapping company with id=3, name=Mohir Dev"}
{"timestamp":"2025-06-14T14:59:17.191+0500","level":"ERROR","thread":"http-nio-8081-exec-1","logger":"c.e.c.service.CompanyServiceImpl","method":"lambda$getAllCompanies$0","message":"Failed to fetch users for company id=3. Error: Unsupported or unrecognized SSL message executing GET https://localhost:8082/api/users/company/3"}
{"timestamp":"2025-06-14T14:59:17.191+0500","level":"DEBUG","thread":"http-nio-8081-exec-1","logger":"c.e.c.service.CompanyServiceImpl","method":"lambda$getAllCompanies$0","message":"Mapping company with id=1, name=PDP"}
{"timestamp":"2025-06-14T14:59:17.195+0500","level":"ERROR","thread":"http-nio-8081-exec-1","logger":"c.e.c.service.CompanyServiceImpl","method":"lambda$getAllCompanies$0","message":"Failed to fetch users for company id=1. Error: Unsupported or unrecognized SSL message executing GET https://localhost:8082/api/users/company/1"}
{"timestamp":"2025-06-14T14:59:17.196+0500","level":"INFO","thread":"http-nio-8081-exec-1","logger":"c.e.c.controller.CompanyController","method":"getAllCompanies","message":"Returning 4 companies"}
{"timestamp":"2025-06-14T15:00:07.174+0500","level":"INFO","thread":"http-nio-8081-exec-2","logger":"c.e.c.controller.CompanyController","method":"getCompanyById","message":"Received request to fetch company with users. ID=3"}
{"timestamp":"2025-06-14T15:00:07.174+0500","level":"INFO","thread":"http-nio-8081-exec-2","logger":"c.e.c.service.CompanyServiceImpl","method":"getCompanyById","message":"Fetching company with id: 3"}
{"timestamp":"2025-06-14T15:01:30.063+0500","level":"INFO","thread":"http-nio-8081-exec-3","logger":"c.e.c.controller.CompanyController","method":"getCompanyById","message":"Received request to fetch company with users. ID=4"}
{"timestamp":"2025-06-14T15:01:30.063+0500","level":"INFO","thread":"http-nio-8081-exec-3","logger":"c.e.c.service.CompanyServiceImpl","method":"getCompanyById","message":"Fetching company with id: 4"}
{"timestamp":"2025-06-14T15:03:41.808+0500","level":"INFO","thread":"http-nio-8081-exec-1","logger":"c.e.c.controller.CompanyController","method":"getAllCompanies","message":"Received request to get all companies with pagination: page=0, size=10, sortBy=name"}
{"timestamp":"2025-06-14T15:03:41.811+0500","level":"INFO","thread":"http-nio-8081-exec-1","logger":"c.e.c.service.CompanyServiceImpl","method":"getAllCompanies","message":"Fetching paginated companies: page=0, size=10"}
{"timestamp":"2025-06-14T15:03:41.912+0500","level":"DEBUG","thread":"http-nio-8081-exec-1","logger":"c.e.c.service.CompanyServiceImpl","method":"getAllCompanies","message":"Fetched 4 companies from DB"}
{"timestamp":"2025-06-14T15:03:41.913+0500","level":"DEBUG","thread":"http-nio-8081-exec-1","logger":"c.e.c.service.CompanyServiceImpl","method":"lambda$getAllCompanies$0","message":"Mapping company with id=5, name=Astrum"}
{"timestamp":"2025-06-14T15:03:41.959+0500","level":"ERROR","thread":"http-nio-8081-exec-1","logger":"c.e.c.service.CompanyServiceImpl","method":"lambda$getAllCompanies$0","message":"Failed to fetch users for company id=5. Error: Unsupported or unrecognized SSL message executing GET https://localhost:8082/api/users/company/5"}
{"timestamp":"2025-06-14T15:03:41.959+0500","level":"DEBUG","thread":"http-nio-8081-exec-1","logger":"c.e.c.service.CompanyServiceImpl","method":"lambda$getAllCompanies$0","message":"Mapping company with id=4, name=avb"}
{"timestamp":"2025-06-14T15:03:41.964+0500","level":"ERROR","thread":"http-nio-8081-exec-1","logger":"c.e.c.service.CompanyServiceImpl","method":"lambda$getAllCompanies$0","message":"Failed to fetch users for company id=4. Error: Unsupported or unrecognized SSL message executing GET https://localhost:8082/api/users/company/4"}
{"timestamp":"2025-06-14T15:03:41.964+0500","level":"DEBUG","thread":"http-nio-8081-exec-1","logger":"c.e.c.service.CompanyServiceImpl","method":"lambda$getAllCompanies$0","message":"Mapping company with id=3, name=Mohir Dev"}
{"timestamp":"2025-06-14T15:03:41.969+0500","level":"ERROR","thread":"http-nio-8081-exec-1","logger":"c.e.c.service.CompanyServiceImpl","method":"lambda$getAllCompanies$0","message":"Failed to fetch users for company id=3. Error: Unsupported or unrecognized SSL message executing GET https://localhost:8082/api/users/company/3"}
{"timestamp":"2025-06-14T15:03:41.969+0500","level":"DEBUG","thread":"http-nio-8081-exec-1","logger":"c.e.c.service.CompanyServiceImpl","method":"lambda$getAllCompanies$0","message":"Mapping company with id=1, name=PDP"}
{"timestamp":"2025-06-14T15:03:41.973+0500","level":"ERROR","thread":"http-nio-8081-exec-1","logger":"c.e.c.service.CompanyServiceImpl","method":"lambda$getAllCompanies$0","message":"Failed to fetch users for company id=1. Error: Unsupported or unrecognized SSL message executing GET https://localhost:8082/api/users/company/1"}
{"timestamp":"2025-06-14T15:03:41.974+0500","level":"INFO","thread":"http-nio-8081-exec-1","logger":"c.e.c.controller.CompanyController","method":"getAllCompanies","message":"Returning 4 companies"}
{"timestamp":"2025-06-14T15:03:46.790+0500","level":"INFO","thread":"http-nio-8081-exec-2","logger":"c.e.c.controller.CompanyController","method":"getCompanyById","message":"Received request to fetch company with users. ID=4"}
{"timestamp":"2025-06-14T15:03:46.790+0500","level":"INFO","thread":"http-nio-8081-exec-2","logger":"c.e.c.service.CompanyServiceImpl","method":"getCompanyById","message":"Fetching company with id: 4"}
{"timestamp":"2025-06-14T15:15:55.852+0500","level":"INFO","thread":"http-nio-8081-exec-2","logger":"c.e.c.controller.CompanyController","method":"getAllCompanies","message":"Received request to get all companies with pagination: page=0, size=10, sortBy=name"}
{"timestamp":"2025-06-14T15:15:55.854+0500","level":"INFO","thread":"http-nio-8081-exec-2","logger":"c.e.c.service.CompanyServiceImpl","method":"getAllCompanies","message":"Fetching paginated companies: page=0, size=10"}
{"timestamp":"2025-06-14T15:15:55.955+0500","level":"DEBUG","thread":"http-nio-8081-exec-2","logger":"c.e.c.service.CompanyServiceImpl","method":"getAllCompanies","message":"Fetched 4 companies from DB"}
{"timestamp":"2025-06-14T15:15:55.955+0500","level":"DEBUG","thread":"http-nio-8081-exec-2","logger":"c.e.c.service.CompanyServiceImpl","method":"lambda$getAllCompanies$0","message":"Mapping company with id=5, name=Astrum"}
{"timestamp":"2025-06-14T15:15:56.016+0500","level":"DEBUG","thread":"http-nio-8081-exec-2","logger":"c.e.c.service.CompanyServiceImpl","method":"lambda$getAllCompanies$0","message":"Fetched 0 users for company id=5"}
{"timestamp":"2025-06-14T15:15:56.017+0500","level":"DEBUG","thread":"http-nio-8081-exec-2","logger":"c.e.c.service.CompanyServiceImpl","method":"lambda$getAllCompanies$0","message":"Mapping company with id=4, name=avb"}
{"timestamp":"2025-06-14T15:15:56.024+0500","level":"DEBUG","thread":"http-nio-8081-exec-2","logger":"c.e.c.service.CompanyServiceImpl","method":"lambda$getAllCompanies$0","message":"Fetched 0 users for company id=4"}
{"timestamp":"2025-06-14T15:15:56.024+0500","level":"DEBUG","thread":"http-nio-8081-exec-2","logger":"c.e.c.service.CompanyServiceImpl","method":"lambda$getAllCompanies$0","message":"Mapping company with id=3, name=Mohir Dev"}
{"timestamp":"2025-06-14T15:15:56.031+0500","level":"DEBUG","thread":"http-nio-8081-exec-2","logger":"c.e.c.service.CompanyServiceImpl","method":"lambda$getAllCompanies$0","message":"Fetched 1 users for company id=3"}
{"timestamp":"2025-06-14T15:15:56.032+0500","level":"DEBUG","thread":"http-nio-8081-exec-2","logger":"c.e.c.service.CompanyServiceImpl","method":"lambda$getAllCompanies$0","message":"Mapping company with id=1, name=PDP"}
{"timestamp":"2025-06-14T15:15:56.038+0500","level":"DEBUG","thread":"http-nio-8081-exec-2","logger":"c.e.c.service.CompanyServiceImpl","method":"lambda$getAllCompanies$0","message":"Fetched 2 users for company id=1"}
{"timestamp":"2025-06-14T15:15:56.039+0500","level":"INFO","thread":"http-nio-8081-exec-2","logger":"c.e.c.controller.CompanyController","method":"getAllCompanies","message":"Returning 4 companies"}
{"timestamp":"2025-06-14T15:16:10.205+0500","level":"INFO","thread":"http-nio-8081-exec-7","logger":"c.e.c.controller.CompanyController","method":"getCompanyById","message":"Received request to fetch company with users. ID=4"}
{"timestamp":"2025-06-14T15:16:10.205+0500","level":"INFO","thread":"http-nio-8081-exec-7","logger":"c.e.c.service.CompanyServiceImpl","method":"getCompanyById","message":"Fetching company with id: 4"}
{"timestamp":"2025-06-14T15:16:10.222+0500","level":"DEBUG","thread":"http-nio-8081-exec-7","logger":"c.e.c.service.CompanyServiceImpl","method":"getCompanyById","message":"Company: avb, Users count: 0"}
{"timestamp":"2025-06-14T15:16:10.223+0500","level":"INFO","thread":"http-nio-8081-exec-7","logger":"c.e.c.controller.CompanyController","method":"getCompanyById","message":"Successfully fetched company 'avb'"}
{"timestamp":"2025-06-14T15:16:27.532+0500","level":"INFO","thread":"http-nio-8081-exec-9","logger":"c.e.c.controller.CompanyController","method":"getAllCompanies","message":"Received request to get all companies with pagination: page=0, size=10, sortBy=name"}
{"timestamp":"2025-06-14T15:16:27.532+0500","level":"INFO","thread":"http-nio-8081-exec-9","logger":"c.e.c.service.CompanyServiceImpl","method":"getAllCompanies","message":"Fetching paginated companies: page=0, size=10"}
{"timestamp":"2025-06-14T15:16:27.535+0500","level":"DEBUG","thread":"http-nio-8081-exec-9","logger":"c.e.c.service.CompanyServiceImpl","method":"getAllCompanies","message":"Fetched 4 companies from DB"}
{"timestamp":"2025-06-14T15:16:27.535+0500","level":"DEBUG","thread":"http-nio-8081-exec-9","logger":"c.e.c.service.CompanyServiceImpl","method":"lambda$getAllCompanies$0","message":"Mapping company with id=5, name=Astrum"}
{"timestamp":"2025-06-14T15:16:27.540+0500","level":"DEBUG","thread":"http-nio-8081-exec-9","logger":"c.e.c.service.CompanyServiceImpl","method":"lambda$getAllCompanies$0","message":"Fetched 0 users for company id=5"}
{"timestamp":"2025-06-14T15:16:27.541+0500","level":"DEBUG","thread":"http-nio-8081-exec-9","logger":"c.e.c.service.CompanyServiceImpl","method":"lambda$getAllCompanies$0","message":"Mapping company with id=4, name=avb"}
{"timestamp":"2025-06-14T15:16:27.546+0500","level":"DEBUG","thread":"http-nio-8081-exec-9","logger":"c.e.c.service.CompanyServiceImpl","method":"lambda$getAllCompanies$0","message":"Fetched 0 users for company id=4"}
{"timestamp":"2025-06-14T15:16:27.546+0500","level":"DEBUG","thread":"http-nio-8081-exec-9","logger":"c.e.c.service.CompanyServiceImpl","method":"lambda$getAllCompanies$0","message":"Mapping company with id=3, name=Mohir Dev"}
{"timestamp":"2025-06-14T15:16:27.552+0500","level":"DEBUG","thread":"http-nio-8081-exec-9","logger":"c.e.c.service.CompanyServiceImpl","method":"lambda$getAllCompanies$0","message":"Fetched 1 users for company id=3"}
{"timestamp":"2025-06-14T15:16:27.553+0500","level":"DEBUG","thread":"http-nio-8081-exec-9","logger":"c.e.c.service.CompanyServiceImpl","method":"lambda$getAllCompanies$0","message":"Mapping company with id=1, name=PDP"}
{"timestamp":"2025-06-14T15:16:27.558+0500","level":"DEBUG","thread":"http-nio-8081-exec-9","logger":"c.e.c.service.CompanyServiceImpl","method":"lambda$getAllCompanies$0","message":"Fetched 2 users for company id=1"}
{"timestamp":"2025-06-14T15:16:27.559+0500","level":"INFO","thread":"http-nio-8081-exec-9","logger":"c.e.c.controller.CompanyController","method":"getAllCompanies","message":"Returning 4 companies"}
{"timestamp":"2025-06-14T15:16:38.660+0500","level":"INFO","thread":"http-nio-8081-exec-4","logger":"c.e.c.controller.CompanyController","method":"getCompanyById","message":"Received request to fetch company with users. ID=1"}
{"timestamp":"2025-06-14T15:16:38.661+0500","level":"INFO","thread":"http-nio-8081-exec-4","logger":"c.e.c.service.CompanyServiceImpl","method":"getCompanyById","message":"Fetching company with id: 1"}
{"timestamp":"2025-06-14T15:16:38.669+0500","level":"DEBUG","thread":"http-nio-8081-exec-4","logger":"c.e.c.service.CompanyServiceImpl","method":"getCompanyById","message":"Company: PDP, Users count: 2"}
{"timestamp":"2025-06-14T15:16:38.669+0500","level":"INFO","thread":"http-nio-8081-exec-4","logger":"c.e.c.controller.CompanyController","method":"getCompanyById","message":"Successfully fetched company 'PDP'"}
{"timestamp":"2025-06-14T15:17:01.446+0500","level":"INFO","thread":"http-nio-8081-exec-5","logger":"c.e.c.controller.CompanyController","method":"getCompanyByCompanyId","message":"Received request to fetch company without users. ID=1"}
{"timestamp":"2025-06-14T15:17:01.447+0500","level":"INFO","thread":"http-nio-8081-exec-5","logger":"c.e.c.service.CompanyServiceImpl","method":"getCompanyByIdWithoutUsers","message":"Fetching company without users with id: 1"}
{"timestamp":"2025-06-14T15:17:01.449+0500","level":"INFO","thread":"http-nio-8081-exec-5","logger":"c.e.c.controller.CompanyController","method":"getCompanyByCompanyId","message":"Successfully fetched company 'PDP'"}
{"timestamp":"2025-06-14T15:17:01.453+0500","level":"INFO","thread":"http-nio-8081-exec-1","logger":"c.e.c.controller.CompanyController","method":"getCompanyByCompanyId","message":"Received request to fetch company without users. ID=3"}
{"timestamp":"2025-06-14T15:17:01.453+0500","level":"INFO","thread":"http-nio-8081-exec-1","logger":"c.e.c.service.CompanyServiceImpl","method":"getCompanyByIdWithoutUsers","message":"Fetching company without users with id: 3"}
{"timestamp":"2025-06-14T15:17:01.455+0500","level":"INFO","thread":"http-nio-8081-exec-1","logger":"c.e.c.controller.CompanyController","method":"getCompanyByCompanyId","message":"Successfully fetched company 'Mohir Dev'"}
{"timestamp":"2025-06-14T15:17:01.457+0500","level":"INFO","thread":"http-nio-8081-exec-6","logger":"c.e.c.controller.CompanyController","method":"getCompanyByCompanyId","message":"Received request to fetch company without users. ID=1"}
{"timestamp":"2025-06-14T15:17:01.457+0500","level":"INFO","thread":"http-nio-8081-exec-6","logger":"c.e.c.service.CompanyServiceImpl","method":"getCompanyByIdWithoutUsers","message":"Fetching company without users with id: 1"}
{"timestamp":"2025-06-14T15:17:01.459+0500","level":"INFO","thread":"http-nio-8081-exec-6","logger":"c.e.c.controller.CompanyController","method":"getCompanyByCompanyId","message":"Successfully fetched company 'PDP'"}
{"timestamp":"2025-06-14T19:14:34.081+0500","level":"INFO","thread":"http-nio-8081-exec-2","logger":"c.e.c.controller.CompanyController","method":"getCompanyByCompanyId","message":"Received request to fetch company without users. ID=1"}
{"timestamp":"2025-06-14T19:14:34.081+0500","level":"INFO","thread":"http-nio-8081-exec-2","logger":"c.e.c.service.CompanyServiceImpl","method":"getCompanyByIdWithoutUsers","message":"Fetching company without users with id: 1"}
{"timestamp":"2025-06-14T19:14:34.142+0500","level":"INFO","thread":"http-nio-8081-exec-2","logger":"c.e.c.controller.CompanyController","method":"getCompanyByCompanyId","message":"Successfully fetched company 'PDP'"}
{"timestamp":"2025-06-14T19:14:34.163+0500","level":"INFO","thread":"http-nio-8081-exec-1","logger":"c.e.c.controller.CompanyController","method":"getCompanyByCompanyId","message":"Received request to fetch company without users. ID=3"}
{"timestamp":"2025-06-14T19:14:34.163+0500","level":"INFO","thread":"http-nio-8081-exec-1","logger":"c.e.c.service.CompanyServiceImpl","method":"getCompanyByIdWithoutUsers","message":"Fetching company without users with id: 3"}
{"timestamp":"2025-06-14T19:14:34.163+0500","level":"INFO","thread":"http-nio-8081-exec-1","logger":"c.e.c.controller.CompanyController","method":"getCompanyByCompanyId","message":"Successfully fetched company 'Mohir Dev'"}
{"timestamp":"2025-06-14T19:14:34.173+0500","level":"INFO","thread":"http-nio-8081-exec-3","logger":"c.e.c.controller.CompanyController","method":"getCompanyByCompanyId","message":"Received request to fetch company without users. ID=1"}
{"timestamp":"2025-06-14T19:14:34.173+0500","level":"INFO","thread":"http-nio-8081-exec-3","logger":"c.e.c.service.CompanyServiceImpl","method":"getCompanyByIdWithoutUsers","message":"Fetching company without users with id: 1"}
{"timestamp":"2025-06-14T19:14:34.173+0500","level":"INFO","thread":"http-nio-8081-exec-3","logger":"c.e.c.controller.CompanyController","method":"getCompanyByCompanyId","message":"Successfully fetched company 'PDP'"}
{"timestamp":"2025-06-14T19:14:49.067+0500","level":"INFO","thread":"http-nio-8081-exec-4","logger":"c.e.c.controller.CompanyController","method":"getCompanyById","message":"Received request to fetch company with users. ID=1"}
{"timestamp":"2025-06-14T19:14:49.067+0500","level":"INFO","thread":"http-nio-8081-exec-4","logger":"c.e.c.service.CompanyServiceImpl","method":"getCompanyById","message":"Fetching company with id: 1"}
{"timestamp":"2025-06-14T19:14:49.105+0500","level":"DEBUG","thread":"http-nio-8081-exec-4","logger":"c.e.c.service.CompanyServiceImpl","method":"getCompanyById","message":"Company: PDP, Users count: 2"}
{"timestamp":"2025-06-14T19:14:49.106+0500","level":"INFO","thread":"http-nio-8081-exec-4","logger":"c.e.c.controller.CompanyController","method":"getCompanyById","message":"Successfully fetched company 'PDP'"}
