{"timestamp":"2025-06-16T18:11:42.980+0500","level":"INFO","thread":"http-nio-8081-exec-1","logger":"c.e.c.controller.CompanyController","method":"getCompanyByCompanyId","message":"Received request to fetch company without users. ID=1"}
{"timestamp":"2025-06-16T18:11:42.982+0500","level":"INFO","thread":"http-nio-8081-exec-1","logger":"c.e.c.service.CompanyServiceImpl","method":"getCompanyByIdWithoutUsers","message":"Fetching company without users with id: 1"}
{"timestamp":"2025-06-16T18:11:43.035+0500","level":"INFO","thread":"http-nio-8081-exec-1","logger":"c.e.c.controller.CompanyController","method":"getCompanyByCompanyId","message":"Successfully fetched company 'PDP'"}
{"timestamp":"2025-06-16T18:11:43.056+0500","level":"INFO","thread":"http-nio-8081-exec-2","logger":"c.e.c.controller.CompanyController","method":"getCompanyByCompanyId","message":"Received request to fetch company without users. ID=3"}
{"timestamp":"2025-06-16T18:11:43.057+0500","level":"INFO","thread":"http-nio-8081-exec-2","logger":"c.e.c.service.CompanyServiceImpl","method":"getCompanyByIdWithoutUsers","message":"Fetching company without users with id: 3"}
{"timestamp":"2025-06-16T18:11:43.059+0500","level":"INFO","thread":"http-nio-8081-exec-2","logger":"c.e.c.controller.CompanyController","method":"getCompanyByCompanyId","message":"Successfully fetched company 'Mohir Dev'"}
{"timestamp":"2025-06-16T18:11:43.062+0500","level":"INFO","thread":"http-nio-8081-exec-3","logger":"c.e.c.controller.CompanyController","method":"getCompanyByCompanyId","message":"Received request to fetch company without users. ID=1"}
{"timestamp":"2025-06-16T18:11:43.062+0500","level":"INFO","thread":"http-nio-8081-exec-3","logger":"c.e.c.service.CompanyServiceImpl","method":"getCompanyByIdWithoutUsers","message":"Fetching company without users with id: 1"}
{"timestamp":"2025-06-16T18:11:43.064+0500","level":"INFO","thread":"http-nio-8081-exec-3","logger":"c.e.c.controller.CompanyController","method":"getCompanyByCompanyId","message":"Successfully fetched company 'PDP'"}
{"timestamp":"2025-06-16T19:32:06.604+0500","level":"INFO","thread":"http-nio-8081-exec-5","logger":"c.e.c.controller.CompanyController","method":"getCompanyByCompanyId","message":"Received request to fetch company without users. ID=1"}
{"timestamp":"2025-06-16T19:32:06.606+0500","level":"INFO","thread":"http-nio-8081-exec-5","logger":"c.e.c.service.CompanyServiceImpl","method":"getCompanyByIdWithoutUsers","message":"Fetching company without users with id: 1"}
{"timestamp":"2025-06-16T19:32:06.638+0500","level":"INFO","thread":"http-nio-8081-exec-5","logger":"c.e.c.controller.CompanyController","method":"getCompanyByCompanyId","message":"Successfully fetched company 'PDP'"}
{"timestamp":"2025-06-16T19:32:06.685+0500","level":"INFO","thread":"http-nio-8081-exec-10","logger":"c.e.c.controller.CompanyController","method":"getCompanyByCompanyId","message":"Received request to fetch company without users. ID=3"}
{"timestamp":"2025-06-16T19:32:06.685+0500","level":"INFO","thread":"http-nio-8081-exec-10","logger":"c.e.c.service.CompanyServiceImpl","method":"getCompanyByIdWithoutUsers","message":"Fetching company without users with id: 3"}
{"timestamp":"2025-06-16T19:32:06.692+0500","level":"INFO","thread":"http-nio-8081-exec-10","logger":"c.e.c.controller.CompanyController","method":"getCompanyByCompanyId","message":"Successfully fetched company 'Mohir Dev'"}
{"timestamp":"2025-06-16T19:32:06.705+0500","level":"INFO","thread":"http-nio-8081-exec-7","logger":"c.e.c.controller.CompanyController","method":"getCompanyByCompanyId","message":"Received request to fetch company without users. ID=1"}
{"timestamp":"2025-06-16T19:32:06.707+0500","level":"INFO","thread":"http-nio-8081-exec-7","logger":"c.e.c.service.CompanyServiceImpl","method":"getCompanyByIdWithoutUsers","message":"Fetching company without users with id: 1"}
{"timestamp":"2025-06-16T19:32:06.715+0500","level":"INFO","thread":"http-nio-8081-exec-7","logger":"c.e.c.controller.CompanyController","method":"getCompanyByCompanyId","message":"Successfully fetched company 'PDP'"}
{"timestamp":"2025-06-16T19:46:49.655+0500","level":"INFO","thread":"http-nio-8081-exec-9","logger":"c.e.c.controller.CompanyController","method":"getCompanyByCompanyId","message":"Received request to fetch company without users. ID=3"}
{"timestamp":"2025-06-16T19:46:49.655+0500","level":"INFO","thread":"http-nio-8081-exec-9","logger":"c.e.c.service.CompanyServiceImpl","method":"getCompanyByIdWithoutUsers","message":"Fetching company without users with id: 3"}
{"timestamp":"2025-06-16T19:46:49.672+0500","level":"INFO","thread":"http-nio-8081-exec-9","logger":"c.e.c.controller.CompanyController","method":"getCompanyByCompanyId","message":"Successfully fetched company 'Mohir Dev'"}
{"timestamp":"2025-06-16T19:47:14.055+0500","level":"INFO","thread":"http-nio-8081-exec-6","logger":"c.e.c.controller.CompanyController","method":"getAllCompanies","message":"Received request to get all companies with pagination: page=0, size=10, sortBy=name"}
{"timestamp":"2025-06-16T19:47:14.063+0500","level":"INFO","thread":"http-nio-8081-exec-6","logger":"c.e.c.service.CompanyServiceImpl","method":"getAllCompanies","message":"Fetching paginated companies: page=0, size=10"}
{"timestamp":"2025-06-16T19:47:14.531+0500","level":"DEBUG","thread":"http-nio-8081-exec-6","logger":"c.e.c.service.CompanyServiceImpl","method":"getAllCompanies","message":"Fetched 4 companies from DB"}
{"timestamp":"2025-06-16T19:47:14.535+0500","level":"DEBUG","thread":"http-nio-8081-exec-6","logger":"c.e.c.service.CompanyServiceImpl","method":"lambda$getAllCompanies$0","message":"Mapping company with id=5, name=Astrum"}
{"timestamp":"2025-06-16T19:47:14.667+0500","level":"DEBUG","thread":"http-nio-8081-exec-6","logger":"c.e.c.service.CompanyServiceImpl","method":"lambda$getAllCompanies$0","message":"Fetched 0 users for company id=5"}
{"timestamp":"2025-06-16T19:47:14.675+0500","level":"DEBUG","thread":"http-nio-8081-exec-6","logger":"c.e.c.service.CompanyServiceImpl","method":"lambda$getAllCompanies$0","message":"Mapping company with id=4, name=avb"}
{"timestamp":"2025-06-16T19:47:14.698+0500","level":"DEBUG","thread":"http-nio-8081-exec-6","logger":"c.e.c.service.CompanyServiceImpl","method":"lambda$getAllCompanies$0","message":"Fetched 0 users for company id=4"}
{"timestamp":"2025-06-16T19:47:14.700+0500","level":"DEBUG","thread":"http-nio-8081-exec-6","logger":"c.e.c.service.CompanyServiceImpl","method":"lambda$getAllCompanies$0","message":"Mapping company with id=3, name=Mohir Dev"}
{"timestamp":"2025-06-16T19:47:14.724+0500","level":"DEBUG","thread":"http-nio-8081-exec-6","logger":"c.e.c.service.CompanyServiceImpl","method":"lambda$getAllCompanies$0","message":"Fetched 1 users for company id=3"}
{"timestamp":"2025-06-16T19:47:14.724+0500","level":"DEBUG","thread":"http-nio-8081-exec-6","logger":"c.e.c.service.CompanyServiceImpl","method":"lambda$getAllCompanies$0","message":"Mapping company with id=1, name=PDP"}
{"timestamp":"2025-06-16T19:47:14.740+0500","level":"DEBUG","thread":"http-nio-8081-exec-6","logger":"c.e.c.service.CompanyServiceImpl","method":"lambda$getAllCompanies$0","message":"Fetched 2 users for company id=1"}
{"timestamp":"2025-06-16T19:47:14.749+0500","level":"INFO","thread":"http-nio-8081-exec-6","logger":"c.e.c.controller.CompanyController","method":"getAllCompanies","message":"Returning 4 companies"}
{"timestamp":"2025-06-16T19:47:33.445+0500","level":"INFO","thread":"http-nio-8081-exec-1","logger":"c.e.c.controller.CompanyController","method":"getCompanyById","message":"Received request to fetch company with users. ID=4"}
{"timestamp":"2025-06-16T19:47:33.453+0500","level":"INFO","thread":"http-nio-8081-exec-1","logger":"c.e.c.service.CompanyServiceImpl","method":"getCompanyById","message":"Fetching company with id: 4"}
{"timestamp":"2025-06-16T19:47:33.478+0500","level":"DEBUG","thread":"http-nio-8081-exec-1","logger":"c.e.c.service.CompanyServiceImpl","method":"getCompanyById","message":"Company: avb, Users count: 0"}
{"timestamp":"2025-06-16T19:47:33.478+0500","level":"INFO","thread":"http-nio-8081-exec-1","logger":"c.e.c.controller.CompanyController","method":"getCompanyById","message":"Successfully fetched company 'avb'"}
